<?xml version="1.0" encoding="UTF-8"?>
<!-- Generated by org.testng.reporters.JUnitXMLReporter -->
<testsuite ignored="0" hostname="DESKTOP-RFGG51U" failures="0" tests="4" name="EdgeTest" time="115.684" errors="0" timestamp="2024-02-20T10:50:10 IST">
  <testcase classname="test.TC001_LoginTest" name="loginTest" time="3.603"/>
  <testcase classname="test.TC001_LoginTest" name="loginTest" time="3.52"/>
  <testcase classname="test.TC001_LoginTest" name="loginTest" time="3.868"/>
  <testcase classname="test.TC001_LoginTest" name="loginTest" time="2.724"/>
</testsuite> <!-- EdgeTest -->
