<?xml version="1.0" encoding="UTF-8"?>
<!-- Generated by org.testng.reporters.JUnitXMLReporter -->
<testsuite ignored="0" hostname="DESKTOP-RFGG51U" failures="0" tests="4" name="RegressionTest" time="62.152" errors="0" timestamp="2024-02-16T11:45:32 IST">
  <testcase classname="test.TC001_LoginTest" name="loginTest" time="2.499"/>
  <testcase classname="test.TC001_LoginTest" name="loginTest" time="2.573"/>
  <testcase classname="test.TC001_LoginTest" name="loginTest" time="1.937"/>
  <testcase classname="test.TC001_LoginTest" name="loginTest" time="2.248"/>
</testsuite> <!-- RegressionTest -->
