<?xml version="1.0" encoding="UTF-8"?>
<testng-results ignored="0" total="2" passed="2" failed="0" skipped="0">
  <reporter-output>
  </reporter-output>
  <suite started-at="2024-02-23T12:08:32 IST" name="Suite" finished-at="2024-02-23T12:09:08 IST" duration-ms="35553">
    <groups>
    </groups>
    <test started-at="2024-02-23T12:08:32 IST" name="ChromeTest" finished-at="2024-02-23T12:09:08 IST" duration-ms="35553">
      <class name="test.TC001_LoginTest">
        <test-method is-config="true" signature="setup()[pri:0, instance:test.TC001_LoginTest@25be7b63]" started-at="2024-02-23T12:08:32 IST" name="setup" finished-at="2024-02-23T12:08:32 IST" duration-ms="25" status="PASS">
          <reporter-output>
          </reporter-output>
        </test-method> <!-- setup -->
        <test-method is-config="true" signature="launchBrowser(java.lang.String,java.lang.String)[pri:0, instance:test.TC001_LoginTest@25be7b63]" started-at="2024-02-23T12:08:35 IST" name="launchBrowser" finished-at="2024-02-23T12:08:53 IST" duration-ms="17781" status="PASS">
          <params>
            <param index="0">
              <value>
                <![CDATA[chrome]]>
              </value>
            </param>
            <param index="1">
              <value>
                <![CDATA[https://demowebshop.tricentis.com/]]>
              </value>
            </param>
          </params>
          <reporter-output>
          </reporter-output>
        </test-method> <!-- launchBrowser -->
        <test-method signature="loginTest(java.lang.String,java.lang.String)[pri:0, instance:test.TC001_LoginTest@25be7b63]" started-at="2024-02-23T12:08:53 IST" name="loginTest" data-provider="excelData" finished-at="2024-02-23T12:08:56 IST" duration-ms="3649" status="PASS">
          <params>
            <param index="0">
              <value>
                <![CDATA[leema03@gmail.com]]>
              </value>
            </param>
            <param index="1">
              <value>
                <![CDATA[Leema.123]]>
              </value>
            </param>
          </params>
          <reporter-output>
          </reporter-output>
        </test-method> <!-- loginTest -->
        <test-method is-config="true" signature="browserClose()[pri:0, instance:test.TC001_LoginTest@25be7b63]" started-at="2024-02-23T12:08:56 IST" name="browserClose" finished-at="2024-02-23T12:08:57 IST" duration-ms="550" status="PASS">
          <reporter-output>
          </reporter-output>
        </test-method> <!-- browserClose -->
        <test-method is-config="true" signature="launchBrowser(java.lang.String,java.lang.String)[pri:0, instance:test.TC001_LoginTest@25be7b63]" started-at="2024-02-23T12:08:57 IST" name="launchBrowser" finished-at="2024-02-23T12:09:05 IST" duration-ms="8119" status="PASS">
          <params>
            <param index="0">
              <value>
                <![CDATA[chrome]]>
              </value>
            </param>
            <param index="1">
              <value>
                <![CDATA[https://demowebshop.tricentis.com/]]>
              </value>
            </param>
          </params>
          <reporter-output>
          </reporter-output>
        </test-method> <!-- launchBrowser -->
        <test-method signature="loginTest(java.lang.String,java.lang.String)[pri:0, instance:test.TC001_LoginTest@25be7b63]" started-at="2024-02-23T12:09:05 IST" name="loginTest" data-provider="excelData" finished-at="2024-02-23T12:09:07 IST" duration-ms="2033" status="PASS">
          <params>
            <param index="0">
              <value>
                <![CDATA[leema5@gmail.com]]>
              </value>
            </param>
            <param index="1">
              <value>
                <![CDATA[Leema.123]]>
              </value>
            </param>
          </params>
          <reporter-output>
          </reporter-output>
        </test-method> <!-- loginTest -->
        <test-method is-config="true" signature="browserClose()[pri:0, instance:test.TC001_LoginTest@25be7b63]" started-at="2024-02-23T12:09:07 IST" name="browserClose" finished-at="2024-02-23T12:09:08 IST" duration-ms="530" status="PASS">
          <reporter-output>
          </reporter-output>
        </test-method> <!-- browserClose -->
      </class> <!-- test.TC001_LoginTest -->
    </test> <!-- ChromeTest -->
  </suite> <!-- Suite -->
</testng-results>
